<?xml version="1.0" encoding="UTF-8"?>
<testng-results ignored="0" total="11" passed="11" failed="0" skipped="0">
  <reporter-output>
  </reporter-output>
  <suite started-at="2021-04-15T18:00:27 MSK" name="Hw3.RunTest" finished-at="2021-04-15T18:01:23 MSK" duration-ms="55789">
    <groups>
      <group name="cucumber">
        <method signature="AbstractTestNGCucumberTests.runScenario(io.cucumber.testng.PickleWrapper, io.cucumber.testng.FeatureWrapper)[pri:0, instance:Hw3.RunTest@71623278]" name="runScenario" class="io.cucumber.testng.AbstractTestNGCucumberTests"/>
      </group> <!-- cucumber -->
    </groups>
    <test started-at="2021-04-15T18:00:27 MSK" name="Command line test" finished-at="2021-04-15T18:01:23 MSK" duration-ms="55789">
      <class name="Hw3.RunTest">
        <test-method is-config="true" signature="setUpClass()[pri:0, instance:Hw3.RunTest@71623278]" started-at="2021-04-15T18:00:27 MSK" name="setUpClass" finished-at="2021-04-15T18:00:27 MSK" duration-ms="311" status="PASS">
          <reporter-output>
          </reporter-output>
        </test-method> <!-- setUpClass -->
        <test-method signature="runScenario(io.cucumber.testng.PickleWrapper, io.cucumber.testng.FeatureWrapper)[pri:0, instance:Hw3.RunTest@71623278]" started-at="2021-04-15T18:00:27 MSK" name="runScenario" description="Runs Cucumber Scenarios" data-provider="scenarios" finished-at="2021-04-15T18:00:33 MSK" duration-ms="5095" status="PASS">
          <params>
            <param index="0">
              <value>
                <![CDATA["assert browser titles"]]>
              </value>
            </param>
            <param index="1">
              <value>
                <![CDATA["Optional[Exercise 1 of Homework 3]"]]>
              </value>
            </param>
          </params>
          <reporter-output>
          </reporter-output>
        </test-method> <!-- runScenario -->
        <test-method signature="runScenario(io.cucumber.testng.PickleWrapper, io.cucumber.testng.FeatureWrapper)[pri:0, instance:Hw3.RunTest@71623278]" started-at="2021-04-15T18:00:33 MSK" name="runScenario" description="Runs Cucumber Scenarios" data-provider="scenarios" finished-at="2021-04-15T18:00:37 MSK" duration-ms="4453" status="PASS">
          <params>
            <param index="0">
              <value>
                <![CDATA["assert username"]]>
              </value>
            </param>
            <param index="1">
              <value>
                <![CDATA["Optional[Exercise 1 of Homework 3]"]]>
              </value>
            </param>
          </params>
          <reporter-output>
          </reporter-output>
        </test-method> <!-- runScenario -->
        <test-method signature="runScenario(io.cucumber.testng.PickleWrapper, io.cucumber.testng.FeatureWrapper)[pri:0, instance:Hw3.RunTest@71623278]" started-at="2021-04-15T18:00:37 MSK" name="runScenario" description="Runs Cucumber Scenarios" data-provider="scenarios" finished-at="2021-04-15T18:00:43 MSK" duration-ms="6096" status="PASS">
          <params>
            <param index="0">
              <value>
                <![CDATA["check header"]]>
              </value>
            </param>
            <param index="1">
              <value>
                <![CDATA["Optional[Exercise 1 of Homework 3]"]]>
              </value>
            </param>
          </params>
          <reporter-output>
          </reporter-output>
        </test-method> <!-- runScenario -->
        <test-method signature="runScenario(io.cucumber.testng.PickleWrapper, io.cucumber.testng.FeatureWrapper)[pri:0, instance:Hw3.RunTest@71623278]" started-at="2021-04-15T18:00:43 MSK" name="runScenario" description="Runs Cucumber Scenarios" data-provider="scenarios" finished-at="2021-04-15T18:00:49 MSK" duration-ms="5839" status="PASS">
          <params>
            <param index="0">
              <value>
                <![CDATA["check images"]]>
              </value>
            </param>
            <param index="1">
              <value>
                <![CDATA["Optional[Exercise 1 of Homework 3]"]]>
              </value>
            </param>
          </params>
          <reporter-output>
          </reporter-output>
        </test-method> <!-- runScenario -->
        <test-method signature="runScenario(io.cucumber.testng.PickleWrapper, io.cucumber.testng.FeatureWrapper)[pri:0, instance:Hw3.RunTest@71623278]" started-at="2021-04-15T18:00:49 MSK" name="runScenario" description="Runs Cucumber Scenarios" data-provider="scenarios" finished-at="2021-04-15T18:00:53 MSK" duration-ms="4496" status="PASS">
          <params>
            <param index="0">
              <value>
                <![CDATA["check images descriptions"]]>
              </value>
            </param>
            <param index="1">
              <value>
                <![CDATA["Optional[Exercise 1 of Homework 3]"]]>
              </value>
            </param>
          </params>
          <reporter-output>
          </reporter-output>
        </test-method> <!-- runScenario -->
        <test-method signature="runScenario(io.cucumber.testng.PickleWrapper, io.cucumber.testng.FeatureWrapper)[pri:0, instance:Hw3.RunTest@71623278]" started-at="2021-04-15T18:00:53 MSK" name="runScenario" description="Runs Cucumber Scenarios" data-provider="scenarios" finished-at="2021-04-15T18:00:59 MSK" duration-ms="5767" status="PASS">
          <params>
            <param index="0">
              <value>
                <![CDATA["check main header text"]]>
              </value>
            </param>
            <param index="1">
              <value>
                <![CDATA["Optional[Exercise 1 of Homework 3]"]]>
              </value>
            </param>
          </params>
          <reporter-output>
          </reporter-output>
        </test-method> <!-- runScenario -->
        <test-method signature="runScenario(io.cucumber.testng.PickleWrapper, io.cucumber.testng.FeatureWrapper)[pri:0, instance:Hw3.RunTest@71623278]" started-at="2021-04-15T18:00:59 MSK" name="runScenario" description="Runs Cucumber Scenarios" data-provider="scenarios" finished-at="2021-04-15T18:01:03 MSK" duration-ms="4142" status="PASS">
          <params>
            <param index="0">
              <value>
                <![CDATA["check iframe"]]>
              </value>
            </param>
            <param index="1">
              <value>
                <![CDATA["Optional[Exercise 1 of Homework 3]"]]>
              </value>
            </param>
          </params>
          <reporter-output>
          </reporter-output>
        </test-method> <!-- runScenario -->
        <test-method signature="runScenario(io.cucumber.testng.PickleWrapper, io.cucumber.testng.FeatureWrapper)[pri:0, instance:Hw3.RunTest@71623278]" started-at="2021-04-15T18:01:03 MSK" name="runScenario" description="Runs Cucumber Scenarios" data-provider="scenarios" finished-at="2021-04-15T18:01:07 MSK" duration-ms="4080" status="PASS">
          <params>
            <param index="0">
              <value>
                <![CDATA["check subheader"]]>
              </value>
            </param>
            <param index="1">
              <value>
                <![CDATA["Optional[Exercise 1 of Homework 3]"]]>
              </value>
            </param>
          </params>
          <reporter-output>
          </reporter-output>
        </test-method> <!-- runScenario -->
        <test-method signature="runScenario(io.cucumber.testng.PickleWrapper, io.cucumber.testng.FeatureWrapper)[pri:0, instance:Hw3.RunTest@71623278]" started-at="2021-04-15T18:01:07 MSK" name="runScenario" description="Runs Cucumber Scenarios" data-provider="scenarios" finished-at="2021-04-15T18:01:12 MSK" duration-ms="4784" status="PASS">
          <params>
            <param index="0">
              <value>
                <![CDATA["check link"]]>
              </value>
            </param>
            <param index="1">
              <value>
                <![CDATA["Optional[Exercise 1 of Homework 3]"]]>
              </value>
            </param>
          </params>
          <reporter-output>
          </reporter-output>
        </test-method> <!-- runScenario -->
        <test-method signature="runScenario(io.cucumber.testng.PickleWrapper, io.cucumber.testng.FeatureWrapper)[pri:0, instance:Hw3.RunTest@71623278]" started-at="2021-04-15T18:01:12 MSK" name="runScenario" description="Runs Cucumber Scenarios" data-provider="scenarios" finished-at="2021-04-15T18:01:16 MSK" duration-ms="4111" status="PASS">
          <params>
            <param index="0">
              <value>
                <![CDATA["check left section"]]>
              </value>
            </param>
            <param index="1">
              <value>
                <![CDATA["Optional[Exercise 1 of Homework 3]"]]>
              </value>
            </param>
          </params>
          <reporter-output>
          </reporter-output>
        </test-method> <!-- runScenario -->
        <test-method signature="runScenario(io.cucumber.testng.PickleWrapper, io.cucumber.testng.FeatureWrapper)[pri:0, instance:Hw3.RunTest@71623278]" started-at="2021-04-15T18:01:16 MSK" name="runScenario" description="Runs Cucumber Scenarios" data-provider="scenarios" finished-at="2021-04-15T18:01:23 MSK" duration-ms="6577" status="PASS">
          <params>
            <param index="0">
              <value>
                <![CDATA["check footer"]]>
              </value>
            </param>
            <param index="1">
              <value>
                <![CDATA["Optional[Exercise 1 of Homework 3]"]]>
              </value>
            </param>
          </params>
          <reporter-output>
          </reporter-output>
        </test-method> <!-- runScenario -->
        <test-method is-config="true" signature="tearDownClass()[pri:0, instance:Hw3.RunTest@71623278]" started-at="2021-04-15T18:01:23 MSK" name="tearDownClass" finished-at="2021-04-15T18:01:23 MSK" duration-ms="7" status="PASS">
          <reporter-output>
          </reporter-output>
        </test-method> <!-- tearDownClass -->
      </class> <!-- Hw3.RunTest -->
    </test> <!-- Command line test -->
  </suite> <!-- Hw3.RunTest -->
</testng-results>
