<?xml version="1.0" encoding="UTF-8"?>
<testng-results ignored="0" total="11" passed="11" failed="0" skipped="0">
  <reporter-output>
  </reporter-output>
  <suite started-at="2021-06-01T21:08:48 MSK" name="Web test selenium" finished-at="2021-06-01T21:09:32 MSK" duration-ms="43732">
    <groups>
      <group name="cucumber">
        <method signature="AbstractTestNGCucumberTests.runScenario(io.cucumber.testng.PickleWrapper, io.cucumber.testng.FeatureWrapper)[pri:0, instance:Hw3.RunTest@7af1cd63]" name="runScenario" class="io.cucumber.testng.AbstractTestNGCucumberTests"/>
      </group> <!-- cucumber -->
    </groups>
    <test started-at="2021-06-01T21:08:48 MSK" name="Web test selenium first task" finished-at="2021-06-01T21:09:32 MSK" duration-ms="43732">
      <class name="Hw3.RunTest">
        <test-method is-config="true" signature="setUpClass()[pri:0, instance:Hw3.RunTest@7af1cd63]" started-at="2021-06-01T21:08:48 MSK" name="setUpClass" finished-at="2021-06-01T21:08:49 MSK" duration-ms="835" status="PASS">
          <reporter-output>
          </reporter-output>
        </test-method> <!-- setUpClass -->
        <test-method signature="runScenario(io.cucumber.testng.PickleWrapper, io.cucumber.testng.FeatureWrapper)[pri:0, instance:Hw3.RunTest@7af1cd63]" started-at="2021-06-01T21:08:49 MSK" name="runScenario" description="Runs Cucumber Scenarios" data-provider="scenarios" finished-at="2021-06-01T21:08:55 MSK" duration-ms="6187" status="PASS">
          <params>
            <param index="0">
              <value>
                <![CDATA["assert browser titles"]]>
              </value>
            </param>
            <param index="1">
              <value>
                <![CDATA["Optional[Exercise 1 of Homework 3]"]]>
              </value>
            </param>
          </params>
          <reporter-output>
          </reporter-output>
        </test-method> <!-- runScenario -->
        <test-method signature="runScenario(io.cucumber.testng.PickleWrapper, io.cucumber.testng.FeatureWrapper)[pri:0, instance:Hw3.RunTest@7af1cd63]" started-at="2021-06-01T21:08:55 MSK" name="runScenario" description="Runs Cucumber Scenarios" data-provider="scenarios" finished-at="2021-06-01T21:08:59 MSK" duration-ms="3868" status="PASS">
          <params>
            <param index="0">
              <value>
                <![CDATA["assert username"]]>
              </value>
            </param>
            <param index="1">
              <value>
                <![CDATA["Optional[Exercise 1 of Homework 3]"]]>
              </value>
            </param>
          </params>
          <reporter-output>
          </reporter-output>
        </test-method> <!-- runScenario -->
        <test-method signature="runScenario(io.cucumber.testng.PickleWrapper, io.cucumber.testng.FeatureWrapper)[pri:0, instance:Hw3.RunTest@7af1cd63]" started-at="2021-06-01T21:08:59 MSK" name="runScenario" description="Runs Cucumber Scenarios" data-provider="scenarios" finished-at="2021-06-01T21:09:03 MSK" duration-ms="3598" status="PASS">
          <params>
            <param index="0">
              <value>
                <![CDATA["check header"]]>
              </value>
            </param>
            <param index="1">
              <value>
                <![CDATA["Optional[Exercise 1 of Homework 3]"]]>
              </value>
            </param>
          </params>
          <reporter-output>
          </reporter-output>
        </test-method> <!-- runScenario -->
        <test-method signature="runScenario(io.cucumber.testng.PickleWrapper, io.cucumber.testng.FeatureWrapper)[pri:0, instance:Hw3.RunTest@7af1cd63]" started-at="2021-06-01T21:09:03 MSK" name="runScenario" description="Runs Cucumber Scenarios" data-provider="scenarios" finished-at="2021-06-01T21:09:06 MSK" duration-ms="3385" status="PASS">
          <params>
            <param index="0">
              <value>
                <![CDATA["check images"]]>
              </value>
            </param>
            <param index="1">
              <value>
                <![CDATA["Optional[Exercise 1 of Homework 3]"]]>
              </value>
            </param>
          </params>
          <reporter-output>
          </reporter-output>
        </test-method> <!-- runScenario -->
        <test-method signature="runScenario(io.cucumber.testng.PickleWrapper, io.cucumber.testng.FeatureWrapper)[pri:0, instance:Hw3.RunTest@7af1cd63]" started-at="2021-06-01T21:09:06 MSK" name="runScenario" description="Runs Cucumber Scenarios" data-provider="scenarios" finished-at="2021-06-01T21:09:09 MSK" duration-ms="3401" status="PASS">
          <params>
            <param index="0">
              <value>
                <![CDATA["check images descriptions"]]>
              </value>
            </param>
            <param index="1">
              <value>
                <![CDATA["Optional[Exercise 1 of Homework 3]"]]>
              </value>
            </param>
          </params>
          <reporter-output>
          </reporter-output>
        </test-method> <!-- runScenario -->
        <test-method signature="runScenario(io.cucumber.testng.PickleWrapper, io.cucumber.testng.FeatureWrapper)[pri:0, instance:Hw3.RunTest@7af1cd63]" started-at="2021-06-01T21:09:09 MSK" name="runScenario" description="Runs Cucumber Scenarios" data-provider="scenarios" finished-at="2021-06-01T21:09:13 MSK" duration-ms="3416" status="PASS">
          <params>
            <param index="0">
              <value>
                <![CDATA["check main header text"]]>
              </value>
            </param>
            <param index="1">
              <value>
                <![CDATA["Optional[Exercise 1 of Homework 3]"]]>
              </value>
            </param>
          </params>
          <reporter-output>
          </reporter-output>
        </test-method> <!-- runScenario -->
        <test-method signature="runScenario(io.cucumber.testng.PickleWrapper, io.cucumber.testng.FeatureWrapper)[pri:0, instance:Hw3.RunTest@7af1cd63]" started-at="2021-06-01T21:09:13 MSK" name="runScenario" description="Runs Cucumber Scenarios" data-provider="scenarios" finished-at="2021-06-01T21:09:16 MSK" duration-ms="3358" status="PASS">
          <params>
            <param index="0">
              <value>
                <![CDATA["check iframe"]]>
              </value>
            </param>
            <param index="1">
              <value>
                <![CDATA["Optional[Exercise 1 of Homework 3]"]]>
              </value>
            </param>
          </params>
          <reporter-output>
          </reporter-output>
        </test-method> <!-- runScenario -->
        <test-method signature="runScenario(io.cucumber.testng.PickleWrapper, io.cucumber.testng.FeatureWrapper)[pri:0, instance:Hw3.RunTest@7af1cd63]" started-at="2021-06-01T21:09:16 MSK" name="runScenario" description="Runs Cucumber Scenarios" data-provider="scenarios" finished-at="2021-06-01T21:09:19 MSK" duration-ms="3317" status="PASS">
          <params>
            <param index="0">
              <value>
                <![CDATA["check subheader"]]>
              </value>
            </param>
            <param index="1">
              <value>
                <![CDATA["Optional[Exercise 1 of Homework 3]"]]>
              </value>
            </param>
          </params>
          <reporter-output>
          </reporter-output>
        </test-method> <!-- runScenario -->
        <test-method signature="runScenario(io.cucumber.testng.PickleWrapper, io.cucumber.testng.FeatureWrapper)[pri:0, instance:Hw3.RunTest@7af1cd63]" started-at="2021-06-01T21:09:19 MSK" name="runScenario" description="Runs Cucumber Scenarios" data-provider="scenarios" finished-at="2021-06-01T21:09:23 MSK" duration-ms="3515" status="PASS">
          <params>
            <param index="0">
              <value>
                <![CDATA["check link"]]>
              </value>
            </param>
            <param index="1">
              <value>
                <![CDATA["Optional[Exercise 1 of Homework 3]"]]>
              </value>
            </param>
          </params>
          <reporter-output>
          </reporter-output>
        </test-method> <!-- runScenario -->
        <test-method signature="runScenario(io.cucumber.testng.PickleWrapper, io.cucumber.testng.FeatureWrapper)[pri:0, instance:Hw3.RunTest@7af1cd63]" started-at="2021-06-01T21:09:23 MSK" name="runScenario" description="Runs Cucumber Scenarios" data-provider="scenarios" finished-at="2021-06-01T21:09:28 MSK" duration-ms="5033" status="PASS">
          <params>
            <param index="0">
              <value>
                <![CDATA["check left section"]]>
              </value>
            </param>
            <param index="1">
              <value>
                <![CDATA["Optional[Exercise 1 of Homework 3]"]]>
              </value>
            </param>
          </params>
          <reporter-output>
          </reporter-output>
        </test-method> <!-- runScenario -->
        <test-method signature="runScenario(io.cucumber.testng.PickleWrapper, io.cucumber.testng.FeatureWrapper)[pri:0, instance:Hw3.RunTest@7af1cd63]" started-at="2021-06-01T21:09:28 MSK" name="runScenario" description="Runs Cucumber Scenarios" data-provider="scenarios" finished-at="2021-06-01T21:09:32 MSK" duration-ms="3559" status="PASS">
          <params>
            <param index="0">
              <value>
                <![CDATA["check footer"]]>
              </value>
            </param>
            <param index="1">
              <value>
                <![CDATA["Optional[Exercise 1 of Homework 3]"]]>
              </value>
            </param>
          </params>
          <reporter-output>
          </reporter-output>
        </test-method> <!-- runScenario -->
        <test-method is-config="true" signature="tearDownClass()[pri:0, instance:Hw3.RunTest@7af1cd63]" started-at="2021-06-01T21:09:32 MSK" name="tearDownClass" finished-at="2021-06-01T21:09:32 MSK" duration-ms="17" status="PASS">
          <reporter-output>
          </reporter-output>
        </test-method> <!-- tearDownClass -->
      </class> <!-- Hw3.RunTest -->
    </test> <!-- Web test selenium first task -->
  </suite> <!-- Web test selenium -->
</testng-results>
