<?xml version="1.0" encoding="UTF-8"?>
<testsuite xmlns:xsi="http://www.w3.org/2001/XMLSchema-instance" xsi:noNamespaceSchemaLocation="https://maven.apache.org/surefire/maven-surefire-plugin/xsd/surefire-test-report.xsd" name="TestSuite" time="45.612" tests="11" errors="0" skipped="0" failures="0">
  <properties>
[...]
</properties>
  <testcase name="runScenario" classname="Hw3.RunTest" time="6.255"/>
  <testcase name="runScenario" classname="Hw3.RunTest" time="3.867"/>
  <testcase name="runScenario" classname="Hw3.RunTest" time="3.596"/>
  <testcase name="runScenario" classname="Hw3.RunTest" time="3.385"/>
  <testcase name="runScenario" classname="Hw3.RunTest" time="3.407"/>
  <testcase name="runScenario" classname="Hw3.RunTest" time="3.411"/>
  <testcase name="runScenario" classname="Hw3.RunTest" time="3.358"/>
  <testcase name="runScenario" classname="Hw3.RunTest" time="3.317"/>
  <testcase name="runScenario" classname="Hw3.RunTest" time="3.517"/>
  <testcase name="runScenario" classname="Hw3.RunTest" time="5.029"/>
  <testcase name="runScenario" classname="Hw3.RunTest" time="3.553"/>
</testsuite>